
> client@0.0.0 build
> tsc -b && vite build

src/App.tsx(1,1): error TS6133: 'React' is declared but its value is never read.
src/App.tsx(10,9): error TS6133: 'dispatch' is declared but its value is never read.
src/App.tsx(43,51): error TS2503: Cannot find namespace 'JSX'.
src/features/auth/authSlice.ts(1,41): error TS1484: 'PayloadAction' is a type and must be imported using a type-only import when 'verbatimModuleSyntax' is enabled.
